<?xml version="1.0" encoding="UTF-8"?>
<testsuite xmlns:xsi="http://www.w3.org/2001/XMLSchema-instance" xsi:noNamespaceSchemaLocation="https://maven.apache.org/surefire/maven-surefire-plugin/xsd/surefire-test-report.xsd" name="TestSuite" time="16.84" tests="8" errors="0" skipped="0" failures="4">
  <properties>
[...]
</properties>
  <testcase name="createVerificationInvalidWebhook" classname="restassured.TestCases" time="1.046">
    <failure message="1 expectation failed.&#10;Expected status code &lt;400&gt; doesn&apos;t match actual status code &lt;201&gt;.&#10;" type="java.lang.AssertionError"><![CDATA[java.lang.AssertionError: 
1 expectation failed.
Expected status code <400> doesn't match actual status code <201>.

	at restassured.TestCases.createVerificationInvalidWebhook(TestCases.java:57)
]]></failure>
  </testcase>
  <testcase name="createVerifications" classname="restassured.TestCases" time="1.676"/>
  <testcase name="downloadReportCorrectId" classname="restassured.TestCases" time="0.286"/>
  <testcase name="downloadReportInCorrectId" classname="restassured.TestCases" time="0.319">
    <failure message="1 expectation failed.&#10;Expected status code &lt;400&gt; doesn&apos;t match actual status code &lt;200&gt;.&#10;" type="java.lang.AssertionError"><![CDATA[java.lang.AssertionError: 
1 expectation failed.
Expected status code <400> doesn't match actual status code <200>.

	at restassured.TestCases.downloadReportInCorrectId(TestCases.java:127)
]]></failure>
  </testcase>
  <testcase name="startVerificationCorrectID" classname="restassured.TestCases" time="0.358"/>
  <testcase name="startVerificationIncorrectRessource" classname="restassured.TestCases" time="0.341">
    <failure message="1 expectation failed.&#10;Expected status code &lt;400&gt; doesn&apos;t match actual status code &lt;200&gt;.&#10;" type="java.lang.AssertionError"><![CDATA[java.lang.AssertionError: 
1 expectation failed.
Expected status code <400> doesn't match actual status code <200>.

	at restassured.TestCases.startVerificationIncorrectRessource(TestCases.java:75)
]]></failure>
  </testcase>
  <testcase name="uploadImageCorrectId" classname="restassured.TestCases" time="0.93"/>
  <testcase name="uploadImageInvalid" classname="restassured.TestCases" time="0.815">
    <failure message="1 expectation failed.&#10;Expected status code &lt;400&gt; doesn&apos;t match actual status code &lt;202&gt;.&#10;" type="java.lang.AssertionError"><![CDATA[java.lang.AssertionError: 
1 expectation failed.
Expected status code <400> doesn't match actual status code <202>.

	at restassured.TestCases.uploadImageInvalid(TestCases.java:106)
]]></failure>
  </testcase>
</testsuite>